
> storybook-tutorial@0.1.0 build-storybook
> storybook build --output-dir=/var/folders/8g/dmjp_gsj28d3gxt7hr5djfwc0000gn/T/chromatic--39240-44DDXXweJKYq

[1m@storybook/core v8.6.12
[22m
info => Cleaning outputDir: [36m../../../../var/folders/8g/dmjp_gsj28d3gxt7hr5djfwc0000gn/T/chromatic--39240-44DDXXweJKYq[39m
info => Loading presets
info => Building manager..
info => Manager built ([38;2;181;126;229m57 ms[39m)
info => Building preview..
WARN No story files found for the specified pattern: [34mcomponents/**/*.mdx[39m
info Addon-docs: using MDX3
info => Using implicit CSS loaders
info => Using Babel as compiler
info => Using default Webpack5 setup
info Using tsconfig paths for react-docgen
WARN asset size limit: The following asset(s) exceed the recommended size limit (244 KiB).
WARN This can impact web performance.
WARN Assets: 
WARN   115.7c9d6603.iframe.bundle.js (828 KiB)
WARN   735.8fa477b6.iframe.bundle.js (1.98 MiB)
WARN   971.56fdb603.iframe.bundle.js (976 KiB)
WARN entrypoint size limit: The following entrypoint(s) combined asset size exceeds the recommended limit (244 KiB). This can impact web performance.
WARN Entrypoints:
WARN   main (2.08 MiB)
WARN       runtime~main.98585ec5.iframe.bundle.js
WARN       735.8fa477b6.iframe.bundle.js
WARN       main.c8f93737.iframe.bundle.js
WARN 
info => Preview built ([38;2;181;126;229m4.86 s[39m)
info => Output directory: /var/folders/8g/dmjp_gsj28d3gxt7hr5djfwc0000gn/T/chromatic--39240-44DDXXweJKYq
