🩺 The doctor is checking the health of your Storybook..
╭ Package storybook not found ───────────────────────────────────────────────────────────╮
│                                                                                        │
│   The storybook package was not found in your package.json.                            │
│   Installing storybook as a direct dev dependency in your package.json is required.    │
│                                                                                        │
╰────────────────────────────────────────────────────────────────────────────────────────╯
╭ Incompatible packages found ──────────────────────────────────────────────────────────────────────╮
│                                                                                                   │
│   The following packages are incompatible with Storybook 7.6.20 as they depend on different       │
│   major versions of Storybook packages:                                                           │
│   - @chromatic-com/storybook@3.2.6                                                                │
│   - @storybook/addon-a11y@7.0.0 (7.6.20 available!)                                               │
│   Repo: https://github.com/storybookjs/storybook/tree/next/code/addons/a11y                       │
│   - @storybook/addon-actions@6.4.13 (7.6.20 available!)                                           │
│   Repo: https://github.com/storybookjs/storybook/tree/main/addons/actions                         │
│   - @storybook/addon-essentials@7.0.0 (7.6.20 available!)                                         │
│   Repo: https://github.com/storybookjs/storybook/tree/next/code/addons/essentials                 │
│   - @storybook/addon-links@7.0.0 (7.6.20 available!)                                              │
│   Repo: https://github.com/storybookjs/storybook/tree/next/code/addons/links                      │
│   - @storybook/cli@8.6.12                                                                         │
│   Repo: https://github.com/storybookjs/storybook/tree/next/code/lib/cli                           │
│                                                                                                   │
│                                                                                                   │
│   Please consider updating your packages or contacting the maintainers for compatibility          │
│   details.                                                                                        │
│   For more on Storybook 8 compatibility, see the linked GitHub issue:                             │
│   https://github.com/storybookjs/storybook/issues/26031                                           │
│                                                                                                   │
╰───────────────────────────────────────────────────────────────────────────────────────────────────╯

You can always recheck the health of your project by running:
npx storybook doctor

Full logs are available in /Users/balachander/CascadeProjects/storybook-tutorial/doctor-storybook.log

